<?xml version="1.0" encoding="UTF-8"?>
<!-- Generated by org.testng.reporters.JUnitReportReporter -->
<testsuite hostname="EIS0231" failures="0" tests="1" name="zyda.addToCartTask.AddToCart" time="17.351" errors="0" timestamp="2022-02-15T04:13:57 EET" skipped="0">
  <testcase classname="zyda.addToCartTask.AddToCart" name="case0_addToCart" time="17.351"/>
</testsuite> <!-- zyda.addToCartTask.AddToCart -->
